Base path: /Applications/Unity/Unity.app/Contents
Cmd: initializeCompiler
Cmd: translateComputeKernel
  api=14 insize=1373 outsize=1541 ok=1
Cmd: compileComputeKernel
  api=14 insize=7524 outsize=10693 ok=1
Cmd: compileComputeKernel
  api=14 insize=5188 outsize=6805 ok=1
Cmd: translateComputeKernel
  api=14 insize=9621 outsize=16409 ok=1
Cmd: translateComputeKernel
  api=14 insize=853 outsize=785 ok=1
Cmd: translateComputeKernel
  api=14 insize=1145 outsize=1433 ok=1
Cmd: translateComputeKernel
  api=14 insize=1093 outsize=1081 ok=1
Cmd: compileComputeKernel
  api=14 insize=1505 outsize=1193 ok=1
Cmd: compileComputeKernel
  api=14 insize=16784 outsize=5393 ok=1
Cmd: compileComputeKernel
  api=14 insize=16784 outsize=5993 ok=1
Cmd: compileComputeKernel
  api=14 insize=16784 outsize=7769 ok=1
Cmd: compileComputeKernel
  api=14 insize=16784 outsize=10217 ok=1
Cmd: compileComputeKernel
  api=14 insize=16784 outsize=7229 ok=1
Cmd: compileComputeKernel
  api=14 insize=16784 outsize=8933 ok=1
Cmd: compileComputeKernel
  api=14 insize=16784 outsize=8737 ok=1
Cmd: compileComputeKernel
  api=14 insize=16784 outsize=11689 ok=1
Cmd: translateComputeKernel
  api=14 insize=6549 outsize=11821 ok=1
Cmd: translateComputeKernel
  api=14 insize=7113 outsize=12565 ok=1
Cmd: translateComputeKernel
  api=14 insize=8813 outsize=15925 ok=1
Cmd: translateComputeKernel
  api=14 insize=8529 outsize=15873 ok=1
Cmd: translateComputeKernel
  api=14 insize=7617 outsize=14193 ok=1
Cmd: translateComputeKernel
  api=14 insize=7869 outsize=14345 ok=1
Cmd: translateComputeKernel
  api=14 insize=8773 outsize=16165 ok=1
Cmd: translateComputeKernel
  api=14 insize=9017 outsize=17205 ok=1
Cmd: translateComputeKernel
  api=14 insize=11969 outsize=23257 ok=1
Cmd: initializeCompiler
Cmd: initializeCompiler
Cmd: initializeCompiler
Cmd: initializeCompiler
Cmd: initializeCompiler
Cmd: initializeCompiler
Cmd: initializeCompiler
Cmd: initializeCompiler
Cmd: initializeCompiler
Cmd: initializeCompiler
Cmd: initializeCompiler
Cmd: initializeCompiler
Cmd: initializeCompiler
Cmd: initializeCompiler
Cmd: initializeCompiler
Cmd: initializeCompiler
Cmd: initializeCompiler
Cmd: initializeCompiler
Cmd: initializeCompiler
Cmd: initializeCompiler
Cmd: initializeCompiler
Cmd: initializeCompiler
Cmd: initializeCompiler
Cmd: initializeCompiler
Unhandled exception: Protocol error - unexpected end of data (did the Editor crash?)

Quitting shader compiler process
