Base path: /Applications/Unity/Unity.app/Contents
Cmd: initializeCompiler
Cmd: compileComputeKernel
  api=14 insize=2134 outsize=789 ok=1
Cmd: translateComputeKernel
  api=14 insize=10537 outsize=18405 ok=1
Cmd: translateComputeKernel
  api=14 insize=1037 outsize=1069 ok=1
Cmd: translateComputeKernel
  api=14 insize=7001 outsize=13513 ok=1
Cmd: compileComputeKernel
  api=14 insize=16784 outsize=7169 ok=1
Cmd: compileComputeKernel
  api=14 insize=16784 outsize=8081 ok=1
Cmd: compileComputeKernel
  api=14 insize=16784 outsize=10437 ok=1
Cmd: compileComputeKernel
  api=14 insize=16784 outsize=8237 ok=1
Cmd: compileComputeKernel
  api=14 insize=16784 outsize=8141 ok=1
Cmd: compileComputeKernel
  api=14 insize=16784 outsize=9265 ok=1
Cmd: compileComputeKernel
  api=14 insize=16784 outsize=9469 ok=1
Cmd: compileComputeKernel
  api=14 insize=16784 outsize=11893 ok=1
Cmd: translateComputeKernel
  api=14 insize=7557 outsize=13865 ok=1
Cmd: translateComputeKernel
  api=14 insize=8121 outsize=14609 ok=1
Cmd: translateComputeKernel
  api=14 insize=10253 outsize=18933 ok=1
Cmd: translateComputeKernel
  api=14 insize=10717 outsize=20149 ok=1
Cmd: translateComputeKernel
  api=14 insize=8181 outsize=14981 ok=1
Cmd: translateComputeKernel
  api=14 insize=9757 outsize=18225 ok=1
Cmd: translateComputeKernel
  api=14 insize=10001 outsize=19241 ok=1
Cmd: initializeCompiler
Cmd: initializeCompiler
Cmd: initializeCompiler
Cmd: initializeCompiler
Cmd: initializeCompiler
Cmd: initializeCompiler
Cmd: initializeCompiler
Cmd: initializeCompiler
Cmd: initializeCompiler
Cmd: initializeCompiler
Cmd: initializeCompiler
Cmd: initializeCompiler
Cmd: initializeCompiler
Cmd: initializeCompiler
Cmd: initializeCompiler
Cmd: initializeCompiler
Cmd: initializeCompiler
Cmd: initializeCompiler
Cmd: initializeCompiler
Cmd: initializeCompiler
Cmd: initializeCompiler
Cmd: initializeCompiler
Cmd: initializeCompiler
Cmd: initializeCompiler
Unhandled exception: Protocol error - unexpected end of data (did the Editor crash?)

Quitting shader compiler process
